mode: set
final_project/business/admins/usecase.go:17.98,23.2 1 1
final_project/business/admins/usecase.go:25.96,26.23 1 1
final_project/business/admins/usecase.go:29.2,29.39 1 1
final_project/business/admins/usecase.go:32.2,32.45 1 1
final_project/business/admins/usecase.go:35.2,36.16 2 1
final_project/business/admins/usecase.go:39.2,39.19 1 1
final_project/business/admins/usecase.go:26.23,28.3 1 1
final_project/business/admins/usecase.go:29.39,31.3 1 1
final_project/business/admins/usecase.go:32.45,34.3 1 1
final_project/business/admins/usecase.go:36.16,38.3 1 0
final_project/business/admins/usecase.go:42.97,43.17 1 1
final_project/business/admins/usecase.go:47.2,47.20 1 1
final_project/business/admins/usecase.go:51.2,54.17 4 1
final_project/business/admins/usecase.go:57.2,57.16 1 1
final_project/business/admins/usecase.go:60.2,60.19 1 1
final_project/business/admins/usecase.go:43.17,45.3 1 1
final_project/business/admins/usecase.go:47.20,49.3 1 1
final_project/business/admins/usecase.go:54.17,56.3 1 0
final_project/business/admins/usecase.go:57.16,59.3 1 0
